<?xml version="1.0" encoding="UTF-8"?>
<!-- Generated by org.testng.reporters.JUnitReportReporter -->
<testsuite skipped="0" hostname="IE10Win7" name="com.sdettraining.cucumber.CucumberDemo.TestRunner" tests="1" failures="0" timestamp="21 Dec 2018 17:34:44 GMT" time="28.748" errors="0">
  <testcase name="feature" time="28.748" classname="com.sdettraining.cucumber.CucumberDemo.TestRunner"/>
</testsuite> <!-- com.sdettraining.cucumber.CucumberDemo.TestRunner -->
